<?xml version="1.0" encoding="UTF-8"?>
<!-- Generated by org.testng.reporters.JUnitReportReporter -->
<testsuite hostname="Lenovo-PC" failures="0" tests="3" name="testcases.HomePageTest" time="10.161" errors="0" timestamp="2022-03-29T09:46:48 IST" skipped="0">
  <testcase classname="testcases.HomePageTest" name="getPageTitle" time="7.929"/>
  <system-out/>
  <testcase classname="testcases.HomePageTest" name="search" time="0.088"/>
  <system-out/>
  <testcase classname="testcases.HomePageTest" name="clicksignin" time="2.144"/>
  <system-out/>
</testsuite> <!-- testcases.HomePageTest -->
