<?xml version="1.0" encoding="UTF-8"?>
<!-- Generated by org.testng.reporters.JUnitReportReporter -->
<testsuite hostname="Lenovo-PC" failures="0" tests="1" name="utilities.DriverFactory" time="13.281" errors="0" timestamp="2022-03-28T20:36:15 IST" skipped="0">
  <testcase classname="utilities.DriverFactory" name="initializebrowser" time="13.281"/>
  <system-out/>
</testsuite> <!-- utilities.DriverFactory -->
