<?xml version="1.0" encoding="UTF-8"?>
<!-- Generated by org.testng.reporters.JUnitReportReporter -->
<testsuite hostname="Lenovo-PC" failures="0" tests="6" name="testcases.LoginPageTest" time="9.483" errors="0" timestamp="2022-04-09T21:28:06 IST" skipped="0">
  <testcase classname="testcases.LoginPageTest" name="pagetitletest" time="0.074"/>
  <system-out/>
  <testcase classname="testcases.LoginPageTest" name="validateloginid" time="0.271"/>
  <system-out/>
  <testcase classname="testcases.LoginPageTest" name="enterloginid" time="1.552"/>
  <system-out/>
  <testcase classname="testcases.LoginPageTest" name="validatepass" time="0.314"/>
  <system-out/>
  <testcase classname="testcases.LoginPageTest" name="enterpasswrd" time="0.540"/>
  <system-out/>
  <testcase classname="testcases.LoginPageTest" name="submitcredentials" time="6.732"/>
  <system-out/>
</testsuite> <!-- testcases.LoginPageTest -->
