<?xml version="1.0" encoding="UTF-8"?>
<!-- Generated by org.testng.reporters.JUnitReportReporter -->
<testsuite hostname="Lenovo-PC" failures="0" tests="1" name="pages.HomePage" time="20.722" errors="0" timestamp="2022-03-28T21:34:37 IST" skipped="0">
  <testcase classname="pages.HomePage" name="signIn" time="20.722"/>
  <system-out/>
</testsuite> <!-- pages.HomePage -->
