<?xml version="1.0" encoding="UTF-8"?>
<!-- Generated by org.testng.reporters.JUnitReportReporter -->
<testsuite hostname="Lenovo-PC" failures="0" tests="6" name="testcases.LoginPageTest" time="8.645" errors="0" timestamp="2022-04-09T22:55:50 IST" skipped="0">
  <testcase classname="testcases.LoginPageTest" name="pagetitletest" time="0.027"/>
  <system-out/>
  <testcase classname="testcases.LoginPageTest" name="validateloginid" time="0.673"/>
  <system-out/>
  <testcase classname="testcases.LoginPageTest" name="enterloginid" time="0.399"/>
  <system-out/>
  <testcase classname="testcases.LoginPageTest" name="validatepass" time="0.219"/>
  <system-out/>
  <testcase classname="testcases.LoginPageTest" name="enterpasswrd" time="0.441"/>
  <system-out/>
  <testcase classname="testcases.LoginPageTest" name="submitcredentials" time="6.886"/>
  <system-out/>
</testsuite> <!-- testcases.LoginPageTest -->
