<?xml version="1.0" encoding="UTF-8"?>
<!-- Generated by org.testng.reporters.JUnitReportReporter -->
<testsuite hostname="Lenovo-PC" failures="0" tests="3" name="testcases.HomePageTest" time="13.844" errors="0" timestamp="2022-04-09T22:55:50 IST" skipped="0">
  <testcase classname="testcases.HomePageTest" name="getPageTitle" time="9.006"/>
  <system-out/>
  <testcase classname="testcases.HomePageTest" name="search" time="1.656"/>
  <system-out/>
  <testcase classname="testcases.HomePageTest" name="clicksignin" time="3.182"/>
  <system-out/>
</testsuite> <!-- testcases.HomePageTest -->
